#
# There is insufficient memory for the Java Runtime Environment to continue.
# Native memory allocation (malloc) failed to allocate 1296896 bytes. Error detail: Chunk::new
# Possible reasons:
#   The system is out of physical RAM or swap space
#   This process is running with CompressedOops enabled, and the Java Heap may be blocking the growth of the native heap
# Possible solutions:
#   Reduce memory load on the system
#   Increase physical memory or swap space
#   Check if swap backing store is full
#   Decrease Java heap size (-Xmx/-Xms)
#   Decrease number of Java threads
#   Decrease Java thread stack sizes (-Xss)
#   Set larger code cache with -XX:ReservedCodeCacheSize=
#   JVM is running with Unscaled Compressed Oops mode in which the Java heap is
#     placed in the first 4GB address space. The Java Heap base address is the
#     maximum limit for the native heap growth. Please use -XX:HeapBaseMinAddress
#     to set the Java Heap base and to place the Java Heap above 4GB virtual address.
# This output file may be truncated or incomplete.
#
#  Out of Memory Error (arena.cpp:168), pid=19024, tid=17756
#
# JRE version: OpenJDK Runtime Environment JBR-21.0.8+1-1038.73-jcef (21.0.8+1) (build 21.0.8+1-b1038.73)
# Java VM: OpenJDK 64-Bit Server VM JBR-21.0.8+1-1038.73-jcef (21.0.8+1-b1038.73, mixed mode, sharing, tiered, compressed oops, compressed class ptrs, g1 gc, windows-amd64)
# No core dump will be written. Minidumps are not enabled by default on client versions of Windows
#

---------------  S U M M A R Y ------------

Command Line: git4idea.http.GitAskPassApp Username for 'https://gitlab.csc.uvic.ca': 

Host: 13th Gen Intel(R) Core(TM) i5-1335U, 12 cores, 7G,  Windows 11 , 64 bit Build 26100 (10.0.26100.7019)
Time: Sun Nov 23 12:08:12 2025 Pacific Standard Time elapsed time: 1.051496 seconds (0d 0h 0m 1s)

---------------  T H R E A D  ---------------

Current thread (0x00000243c79595a0):  JavaThread "C2 CompilerThread1" daemon [_thread_in_native, id=17756, stack(0x000000990fd00000,0x000000990fe00000) (1024K)]


Current CompileTask:
C2:1051 1049       4       sun.security.ec.ECOperations::setDouble (463 bytes)

Stack: [0x000000990fd00000,0x000000990fe00000]
Native frames: (J=compiled Java code, j=interpreted, Vv=VM code, C=native code)
V  [jvm.dll+0x6ebeb9]
V  [jvm.dll+0x8cbec3]
V  [jvm.dll+0x8ce47e]
V  [jvm.dll+0x8ceb63]
V  [jvm.dll+0x28adf6]
V  [jvm.dll+0xc6f3d]
V  [jvm.dll+0xc7473]
V  [jvm.dll+0x301d10]
V  [jvm.dll+0x611aa9]
V  [jvm.dll+0x25aea2]
V  [jvm.dll+0x25b25f]
V  [jvm.dll+0x253a05]
V  [jvm.dll+0x25125e]
V  [jvm.dll+0x1ceb64]
V  [jvm.dll+0x260bfe]
V  [jvm.dll+0x25f146]
V  [jvm.dll+0x402ee6]
V  [jvm.dll+0x873a78]
V  [jvm.dll+0x6ea63d]
C  [ucrtbase.dll+0x37b0]
C  [KERNEL32.DLL+0x2e8d7]
C  [ntdll.dll+0x8c53c]


---------------  P R O C E S S  ---------------

Threads class SMR info:
_java_thread_list=0x000002440e3831d0, length=16, elements={
0x00000243acc11e10, 0x00000243c7909480, 0x00000243c7910be0, 0x00000243c7914370,
0x00000243c7915d50, 0x00000243c79168e0, 0x00000243c7917fe0, 0x00000243c7918ca0,
0x00000243c7935420, 0x00000243c7956cc0, 0x00000243c7bc0ab0, 0x00000243c79595a0,
0x00000243c7bbfd90, 0x00000243c7bc17d0, 0x00000243c7bbf700, 0x00000243c7957390
}

Java Threads: ( => current thread )
  0x00000243acc11e10 JavaThread "main"                              [_thread_blocked, id=17164, stack(0x000000990eb00000,0x000000990ec00000) (1024K)]
  0x00000243c7909480 JavaThread "Common-Cleaner"             daemon [_thread_blocked, id=13404, stack(0x000000990f300000,0x000000990f400000) (1024K)]
  0x00000243c7910be0 JavaThread "Reference Handler"          daemon [_thread_blocked, id=11924, stack(0x000000990f400000,0x000000990f500000) (1024K)]
  0x00000243c7914370 JavaThread "Finalizer"                  daemon [_thread_blocked, id=25328, stack(0x000000990f500000,0x000000990f600000) (1024K)]
  0x00000243c7915d50 JavaThread "Signal Dispatcher"          daemon [_thread_blocked, id=25364, stack(0x000000990f600000,0x000000990f700000) (1024K)]
  0x00000243c79168e0 JavaThread "Attach Listener"            daemon [_thread_blocked, id=27968, stack(0x000000990f700000,0x000000990f800000) (1024K)]
  0x00000243c7917fe0 JavaThread "Service Thread"             daemon [_thread_blocked, id=18664, stack(0x000000990f800000,0x000000990f900000) (1024K)]
  0x00000243c7918ca0 JavaThread "Monitor Deflation Thread"   daemon [_thread_blocked, id=26852, stack(0x000000990f900000,0x000000990fa00000) (1024K)]
  0x00000243c7935420 JavaThread "C2 CompilerThread0"         daemon [_thread_blocked, id=9000, stack(0x000000990fa00000,0x000000990fb00000) (1024K)]
  0x00000243c7956cc0 JavaThread "C1 CompilerThread0"         daemon [_thread_blocked, id=27948, stack(0x000000990fb00000,0x000000990fc00000) (1024K)]
  0x00000243c7bc0ab0 JavaThread "Notification Thread"        daemon [_thread_blocked, id=23256, stack(0x000000990fc00000,0x000000990fd00000) (1024K)]
=>0x00000243c79595a0 JavaThread "C2 CompilerThread1"         daemon [_thread_in_native, id=17756, stack(0x000000990fd00000,0x000000990fe00000) (1024K)]
  0x00000243c7bbfd90 JavaThread "HttpClient-1-SelectorManager" daemon [_thread_in_native, id=5464, stack(0x000000990fe00000,0x000000990ff00000) (1024K)]
  0x00000243c7bc17d0 JavaThread "HttpClient-1-Worker-0"      daemon [_thread_blocked, id=17196, stack(0x0000009910000000,0x0000009910100000) (1024K)]
  0x00000243c7bbf700 JavaThread "HttpClient-1-Worker-1"      daemon [_thread_blocked, id=23812, stack(0x0000009910100000,0x0000009910200000) (1024K)]
  0x00000243c7957390 JavaThread "C2 CompilerThread2"         daemon [_thread_blocked, id=20180, stack(0x0000009910200000,0x0000009910300000) (1024K)]
Total: 16

Other Threads:
  0x00000243c78eabf0 VMThread "VM Thread"                           [id=28008, stack(0x000000990f200000,0x000000990f300000) (1024K)]
  0x00000243c78d9af0 WatcherThread "VM Periodic Task Thread"        [id=3056, stack(0x000000990f100000,0x000000990f200000) (1024K)]
  0x00000243ae7dc640 WorkerThread "GC Thread#0"                     [id=22068, stack(0x000000990ec00000,0x000000990ed00000) (1024K)]
  0x00000243ae7ecd20 ConcurrentGCThread "G1 Main Marker"            [id=8540, stack(0x000000990ed00000,0x000000990ee00000) (1024K)]
  0x00000243ae7ed820 WorkerThread "G1 Conc#0"                       [id=6552, stack(0x000000990ee00000,0x000000990ef00000) (1024K)]
  0x00000243c77a9530 ConcurrentGCThread "G1 Refine#0"               [id=27572, stack(0x000000990ef00000,0x000000990f000000) (1024K)]
  0x00000243c77acd70 ConcurrentGCThread "G1 Service"                [id=25004, stack(0x000000990f000000,0x000000990f100000) (1024K)]
Total: 7

Threads with active compile tasks:
C2 CompilerThread1  1103 1049       4       sun.security.ec.ECOperations::setDouble (463 bytes)
Total: 1

VM state: not at safepoint (normal execution)

VM Mutex/Monitor currently owned by a thread: None

Heap address: 0x0000000084800000, size: 1976 MB, Compressed Oops mode: 32-bit

CDS archive(s) mapped at: [0x00000243c8000000-0x00000243c9c00000-0x00000243c9c00000), size 29360128, SharedBaseAddress: 0x00000243c8000000, ArchiveRelocationMode: 1.
Compressed class space mapped at: 0x00000243ca000000-0x000002440a000000, reserved size: 1073741824
Narrow klass base: 0x00000243c8000000, Narrow klass shift: 0, Narrow klass range: 0x100000000

GC Precious Log:
 CardTable entry size: 512
 Card Set container configuration: InlinePtr #cards 5 size 8 Array Of Cards #cards 12 size 40 Howl #buckets 4 coarsen threshold 1843 Howl Bitmap #cards 512 size 80 coarsen threshold 460 Card regions per heap region 1 cards per card region 2048
 CPUs: 12 total, 12 available
 Memory: 7903M
 Large Page Support: Disabled
 NUMA Support: Disabled
 Compressed Oops: Enabled (32-bit)
 Heap Region Size: 1M
 Heap Min Capacity: 8M
 Heap Initial Capacity: 124M
 Heap Max Capacity: 1976M
 Pre-touch: Disabled
 Parallel Workers: 10
 Concurrent Workers: 3
 Concurrent Refinement Workers: 10
 Periodic GC: Disabled

Heap:
 garbage-first heap   total 126976K, used 15360K [0x0000000084800000, 0x0000000100000000)
  region size 1024K, 16 young (16384K), 0 survivors (0K)
 Metaspace       used 3452K, committed 3712K, reserved 1114112K
  class space    used 422K, committed 512K, reserved 1048576K

Heap Regions: E=young(eden), S=young(survivor), O=old, HS=humongous(starts), HC=humongous(continues), CS=collection set, F=free, TAMS=top-at-mark-start, PB=parsable bottom
|   0|0x0000000084800000, 0x0000000084800000, 0x0000000084900000|  0%| F|  |TAMS 0x0000000084800000| PB 0x0000000084800000| Untracked 
|   1|0x0000000084900000, 0x0000000084900000, 0x0000000084a00000|  0%| F|  |TAMS 0x0000000084900000| PB 0x0000000084900000| Untracked 
|   2|0x0000000084a00000, 0x0000000084a00000, 0x0000000084b00000|  0%| F|  |TAMS 0x0000000084a00000| PB 0x0000000084a00000| Untracked 
|   3|0x0000000084b00000, 0x0000000084b00000, 0x0000000084c00000|  0%| F|  |TAMS 0x0000000084b00000| PB 0x0000000084b00000| Untracked 
|   4|0x0000000084c00000, 0x0000000084c00000, 0x0000000084d00000|  0%| F|  |TAMS 0x0000000084c00000| PB 0x0000000084c00000| Untracked 
|   5|0x0000000084d00000, 0x0000000084d00000, 0x0000000084e00000|  0%| F|  |TAMS 0x0000000084d00000| PB 0x0000000084d00000| Untracked 
|   6|0x0000000084e00000, 0x0000000084e00000, 0x0000000084f00000|  0%| F|  |TAMS 0x0000000084e00000| PB 0x0000000084e00000| Untracked 
|   7|0x0000000084f00000, 0x0000000084f00000, 0x0000000085000000|  0%| F|  |TAMS 0x0000000084f00000| PB 0x0000000084f00000| Untracked 
|   8|0x0000000085000000, 0x0000000085000000, 0x0000000085100000|  0%| F|  |TAMS 0x0000000085000000| PB 0x0000000085000000| Untracked 
|   9|0x0000000085100000, 0x0000000085100000, 0x0000000085200000|  0%| F|  |TAMS 0x0000000085100000| PB 0x0000000085100000| Untracked 
|  10|0x0000000085200000, 0x0000000085200000, 0x0000000085300000|  0%| F|  |TAMS 0x0000000085200000| PB 0x0000000085200000| Untracked 
|  11|0x0000000085300000, 0x0000000085300000, 0x0000000085400000|  0%| F|  |TAMS 0x0000000085300000| PB 0x0000000085300000| Untracked 
|  12|0x0000000085400000, 0x0000000085400000, 0x0000000085500000|  0%| F|  |TAMS 0x0000000085400000| PB 0x0000000085400000| Untracked 
|  13|0x0000000085500000, 0x0000000085500000, 0x0000000085600000|  0%| F|  |TAMS 0x0000000085500000| PB 0x0000000085500000| Untracked 
|  14|0x0000000085600000, 0x0000000085600000, 0x0000000085700000|  0%| F|  |TAMS 0x0000000085600000| PB 0x0000000085600000| Untracked 
|  15|0x0000000085700000, 0x0000000085700000, 0x0000000085800000|  0%| F|  |TAMS 0x0000000085700000| PB 0x0000000085700000| Untracked 
|  16|0x0000000085800000, 0x0000000085800000, 0x0000000085900000|  0%| F|  |TAMS 0x0000000085800000| PB 0x0000000085800000| Untracked 
|  17|0x0000000085900000, 0x0000000085900000, 0x0000000085a00000|  0%| F|  |TAMS 0x0000000085900000| PB 0x0000000085900000| Untracked 
|  18|0x0000000085a00000, 0x0000000085a00000, 0x0000000085b00000|  0%| F|  |TAMS 0x0000000085a00000| PB 0x0000000085a00000| Untracked 
|  19|0x0000000085b00000, 0x0000000085b00000, 0x0000000085c00000|  0%| F|  |TAMS 0x0000000085b00000| PB 0x0000000085b00000| Untracked 
|  20|0x0000000085c00000, 0x0000000085c00000, 0x0000000085d00000|  0%| F|  |TAMS 0x0000000085c00000| PB 0x0000000085c00000| Untracked 
|  21|0x0000000085d00000, 0x0000000085d00000, 0x0000000085e00000|  0%| F|  |TAMS 0x0000000085d00000| PB 0x0000000085d00000| Untracked 
|  22|0x0000000085e00000, 0x0000000085e00000, 0x0000000085f00000|  0%| F|  |TAMS 0x0000000085e00000| PB 0x0000000085e00000| Untracked 
|  23|0x0000000085f00000, 0x0000000085f00000, 0x0000000086000000|  0%| F|  |TAMS 0x0000000085f00000| PB 0x0000000085f00000| Untracked 
|  24|0x0000000086000000, 0x0000000086000000, 0x0000000086100000|  0%| F|  |TAMS 0x0000000086000000| PB 0x0000000086000000| Untracked 
|  25|0x0000000086100000, 0x0000000086100000, 0x0000000086200000|  0%| F|  |TAMS 0x0000000086100000| PB 0x0000000086100000| Untracked 
|  26|0x0000000086200000, 0x0000000086200000, 0x0000000086300000|  0%| F|  |TAMS 0x0000000086200000| PB 0x0000000086200000| Untracked 
|  27|0x0000000086300000, 0x0000000086300000, 0x0000000086400000|  0%| F|  |TAMS 0x0000000086300000| PB 0x0000000086300000| Untracked 
|  28|0x0000000086400000, 0x0000000086400000, 0x0000000086500000|  0%| F|  |TAMS 0x0000000086400000| PB 0x0000000086400000| Untracked 
|  29|0x0000000086500000, 0x0000000086500000, 0x0000000086600000|  0%| F|  |TAMS 0x0000000086500000| PB 0x0000000086500000| Untracked 
|  30|0x0000000086600000, 0x0000000086600000, 0x0000000086700000|  0%| F|  |TAMS 0x0000000086600000| PB 0x0000000086600000| Untracked 
|  31|0x0000000086700000, 0x0000000086700000, 0x0000000086800000|  0%| F|  |TAMS 0x0000000086700000| PB 0x0000000086700000| Untracked 
|  32|0x0000000086800000, 0x0000000086800000, 0x0000000086900000|  0%| F|  |TAMS 0x0000000086800000| PB 0x0000000086800000| Untracked 
|  33|0x0000000086900000, 0x0000000086900000, 0x0000000086a00000|  0%| F|  |TAMS 0x0000000086900000| PB 0x0000000086900000| Untracked 
|  34|0x0000000086a00000, 0x0000000086a00000, 0x0000000086b00000|  0%| F|  |TAMS 0x0000000086a00000| PB 0x0000000086a00000| Untracked 
|  35|0x0000000086b00000, 0x0000000086b00000, 0x0000000086c00000|  0%| F|  |TAMS 0x0000000086b00000| PB 0x0000000086b00000| Untracked 
|  36|0x0000000086c00000, 0x0000000086c00000, 0x0000000086d00000|  0%| F|  |TAMS 0x0000000086c00000| PB 0x0000000086c00000| Untracked 
|  37|0x0000000086d00000, 0x0000000086d00000, 0x0000000086e00000|  0%| F|  |TAMS 0x0000000086d00000| PB 0x0000000086d00000| Untracked 
|  38|0x0000000086e00000, 0x0000000086e00000, 0x0000000086f00000|  0%| F|  |TAMS 0x0000000086e00000| PB 0x0000000086e00000| Untracked 
|  39|0x0000000086f00000, 0x0000000086f00000, 0x0000000087000000|  0%| F|  |TAMS 0x0000000086f00000| PB 0x0000000086f00000| Untracked 
|  40|0x0000000087000000, 0x0000000087000000, 0x0000000087100000|  0%| F|  |TAMS 0x0000000087000000| PB 0x0000000087000000| Untracked 
|  41|0x0000000087100000, 0x0000000087100000, 0x0000000087200000|  0%| F|  |TAMS 0x0000000087100000| PB 0x0000000087100000| Untracked 
|  42|0x0000000087200000, 0x0000000087200000, 0x0000000087300000|  0%| F|  |TAMS 0x0000000087200000| PB 0x0000000087200000| Untracked 
|  43|0x0000000087300000, 0x0000000087300000, 0x0000000087400000|  0%| F|  |TAMS 0x0000000087300000| PB 0x0000000087300000| Untracked 
|  44|0x0000000087400000, 0x0000000087400000, 0x0000000087500000|  0%| F|  |TAMS 0x0000000087400000| PB 0x0000000087400000| Untracked 
|  45|0x0000000087500000, 0x0000000087500000, 0x0000000087600000|  0%| F|  |TAMS 0x0000000087500000| PB 0x0000000087500000| Untracked 
|  46|0x0000000087600000, 0x0000000087600000, 0x0000000087700000|  0%| F|  |TAMS 0x0000000087600000| PB 0x0000000087600000| Untracked 
|  47|0x0000000087700000, 0x0000000087700000, 0x0000000087800000|  0%| F|  |TAMS 0x0000000087700000| PB 0x0000000087700000| Untracked 
|  48|0x0000000087800000, 0x0000000087800000, 0x0000000087900000|  0%| F|  |TAMS 0x0000000087800000| PB 0x0000000087800000| Untracked 
|  49|0x0000000087900000, 0x0000000087900000, 0x0000000087a00000|  0%| F|  |TAMS 0x0000000087900000| PB 0x0000000087900000| Untracked 
|  50|0x0000000087a00000, 0x0000000087a00000, 0x0000000087b00000|  0%| F|  |TAMS 0x0000000087a00000| PB 0x0000000087a00000| Untracked 
|  51|0x0000000087b00000, 0x0000000087b00000, 0x0000000087c00000|  0%| F|  |TAMS 0x0000000087b00000| PB 0x0000000087b00000| Untracked 
|  52|0x0000000087c00000, 0x0000000087c00000, 0x0000000087d00000|  0%| F|  |TAMS 0x0000000087c00000| PB 0x0000000087c00000| Untracked 
|  53|0x0000000087d00000, 0x0000000087d00000, 0x0000000087e00000|  0%| F|  |TAMS 0x0000000087d00000| PB 0x0000000087d00000| Untracked 
|  54|0x0000000087e00000, 0x0000000087e00000, 0x0000000087f00000|  0%| F|  |TAMS 0x0000000087e00000| PB 0x0000000087e00000| Untracked 
|  55|0x0000000087f00000, 0x0000000087f00000, 0x0000000088000000|  0%| F|  |TAMS 0x0000000087f00000| PB 0x0000000087f00000| Untracked 
|  56|0x0000000088000000, 0x0000000088000000, 0x0000000088100000|  0%| F|  |TAMS 0x0000000088000000| PB 0x0000000088000000| Untracked 
|  57|0x0000000088100000, 0x0000000088100000, 0x0000000088200000|  0%| F|  |TAMS 0x0000000088100000| PB 0x0000000088100000| Untracked 
|  58|0x0000000088200000, 0x0000000088200000, 0x0000000088300000|  0%| F|  |TAMS 0x0000000088200000| PB 0x0000000088200000| Untracked 
|  59|0x0000000088300000, 0x0000000088300000, 0x0000000088400000|  0%| F|  |TAMS 0x0000000088300000| PB 0x0000000088300000| Untracked 
|  60|0x0000000088400000, 0x0000000088400000, 0x0000000088500000|  0%| F|  |TAMS 0x0000000088400000| PB 0x0000000088400000| Untracked 
|  61|0x0000000088500000, 0x0000000088500000, 0x0000000088600000|  0%| F|  |TAMS 0x0000000088500000| PB 0x0000000088500000| Untracked 
|  62|0x0000000088600000, 0x0000000088600000, 0x0000000088700000|  0%| F|  |TAMS 0x0000000088600000| PB 0x0000000088600000| Untracked 
|  63|0x0000000088700000, 0x0000000088700000, 0x0000000088800000|  0%| F|  |TAMS 0x0000000088700000| PB 0x0000000088700000| Untracked 
|  64|0x0000000088800000, 0x0000000088800000, 0x0000000088900000|  0%| F|  |TAMS 0x0000000088800000| PB 0x0000000088800000| Untracked 
|  65|0x0000000088900000, 0x0000000088900000, 0x0000000088a00000|  0%| F|  |TAMS 0x0000000088900000| PB 0x0000000088900000| Untracked 
|  66|0x0000000088a00000, 0x0000000088a00000, 0x0000000088b00000|  0%| F|  |TAMS 0x0000000088a00000| PB 0x0000000088a00000| Untracked 
|  67|0x0000000088b00000, 0x0000000088b00000, 0x0000000088c00000|  0%| F|  |TAMS 0x0000000088b00000| PB 0x0000000088b00000| Untracked 
|  68|0x0000000088c00000, 0x0000000088c00000, 0x0000000088d00000|  0%| F|  |TAMS 0x0000000088c00000| PB 0x0000000088c00000| Untracked 
|  69|0x0000000088d00000, 0x0000000088d00000, 0x0000000088e00000|  0%| F|  |TAMS 0x0000000088d00000| PB 0x0000000088d00000| Untracked 
|  70|0x0000000088e00000, 0x0000000088e00000, 0x0000000088f00000|  0%| F|  |TAMS 0x0000000088e00000| PB 0x0000000088e00000| Untracked 
|  71|0x0000000088f00000, 0x0000000088f00000, 0x0000000089000000|  0%| F|  |TAMS 0x0000000088f00000| PB 0x0000000088f00000| Untracked 
|  72|0x0000000089000000, 0x0000000089000000, 0x0000000089100000|  0%| F|  |TAMS 0x0000000089000000| PB 0x0000000089000000| Untracked 
|  73|0x0000000089100000, 0x0000000089100000, 0x0000000089200000|  0%| F|  |TAMS 0x0000000089100000| PB 0x0000000089100000| Untracked 
|  74|0x0000000089200000, 0x0000000089200000, 0x0000000089300000|  0%| F|  |TAMS 0x0000000089200000| PB 0x0000000089200000| Untracked 
|  75|0x0000000089300000, 0x0000000089300000, 0x0000000089400000|  0%| F|  |TAMS 0x0000000089300000| PB 0x0000000089300000| Untracked 
|  76|0x0000000089400000, 0x0000000089400000, 0x0000000089500000|  0%| F|  |TAMS 0x0000000089400000| PB 0x0000000089400000| Untracked 
|  77|0x0000000089500000, 0x0000000089500000, 0x0000000089600000|  0%| F|  |TAMS 0x0000000089500000| PB 0x0000000089500000| Untracked 
|  78|0x0000000089600000, 0x0000000089600000, 0x0000000089700000|  0%| F|  |TAMS 0x0000000089600000| PB 0x0000000089600000| Untracked 
|  79|0x0000000089700000, 0x0000000089700000, 0x0000000089800000|  0%| F|  |TAMS 0x0000000089700000| PB 0x0000000089700000| Untracked 
|  80|0x0000000089800000, 0x0000000089800000, 0x0000000089900000|  0%| F|  |TAMS 0x0000000089800000| PB 0x0000000089800000| Untracked 
|  81|0x0000000089900000, 0x0000000089900000, 0x0000000089a00000|  0%| F|  |TAMS 0x0000000089900000| PB 0x0000000089900000| Untracked 
|  82|0x0000000089a00000, 0x0000000089a00000, 0x0000000089b00000|  0%| F|  |TAMS 0x0000000089a00000| PB 0x0000000089a00000| Untracked 
|  83|0x0000000089b00000, 0x0000000089b00000, 0x0000000089c00000|  0%| F|  |TAMS 0x0000000089b00000| PB 0x0000000089b00000| Untracked 
|  84|0x0000000089c00000, 0x0000000089c00000, 0x0000000089d00000|  0%| F|  |TAMS 0x0000000089c00000| PB 0x0000000089c00000| Untracked 
|  85|0x0000000089d00000, 0x0000000089d00000, 0x0000000089e00000|  0%| F|  |TAMS 0x0000000089d00000| PB 0x0000000089d00000| Untracked 
|  86|0x0000000089e00000, 0x0000000089e00000, 0x0000000089f00000|  0%| F|  |TAMS 0x0000000089e00000| PB 0x0000000089e00000| Untracked 
|  87|0x0000000089f00000, 0x0000000089f00000, 0x000000008a000000|  0%| F|  |TAMS 0x0000000089f00000| PB 0x0000000089f00000| Untracked 
|  88|0x000000008a000000, 0x000000008a000000, 0x000000008a100000|  0%| F|  |TAMS 0x000000008a000000| PB 0x000000008a000000| Untracked 
|  89|0x000000008a100000, 0x000000008a100000, 0x000000008a200000|  0%| F|  |TAMS 0x000000008a100000| PB 0x000000008a100000| Untracked 
|  90|0x000000008a200000, 0x000000008a200000, 0x000000008a300000|  0%| F|  |TAMS 0x000000008a200000| PB 0x000000008a200000| Untracked 
|  91|0x000000008a300000, 0x000000008a300000, 0x000000008a400000|  0%| F|  |TAMS 0x000000008a300000| PB 0x000000008a300000| Untracked 
|  92|0x000000008a400000, 0x000000008a400000, 0x000000008a500000|  0%| F|  |TAMS 0x000000008a400000| PB 0x000000008a400000| Untracked 
|  93|0x000000008a500000, 0x000000008a500000, 0x000000008a600000|  0%| F|  |TAMS 0x000000008a500000| PB 0x000000008a500000| Untracked 
|  94|0x000000008a600000, 0x000000008a600000, 0x000000008a700000|  0%| F|  |TAMS 0x000000008a600000| PB 0x000000008a600000| Untracked 
|  95|0x000000008a700000, 0x000000008a700000, 0x000000008a800000|  0%| F|  |TAMS 0x000000008a700000| PB 0x000000008a700000| Untracked 
|  96|0x000000008a800000, 0x000000008a800000, 0x000000008a900000|  0%| F|  |TAMS 0x000000008a800000| PB 0x000000008a800000| Untracked 
|  97|0x000000008a900000, 0x000000008a900000, 0x000000008aa00000|  0%| F|  |TAMS 0x000000008a900000| PB 0x000000008a900000| Untracked 
|  98|0x000000008aa00000, 0x000000008aa00000, 0x000000008ab00000|  0%| F|  |TAMS 0x000000008aa00000| PB 0x000000008aa00000| Untracked 
|  99|0x000000008ab00000, 0x000000008ab00000, 0x000000008ac00000|  0%| F|  |TAMS 0x000000008ab00000| PB 0x000000008ab00000| Untracked 
| 100|0x000000008ac00000, 0x000000008ac00000, 0x000000008ad00000|  0%| F|  |TAMS 0x000000008ac00000| PB 0x000000008ac00000| Untracked 
| 101|0x000000008ad00000, 0x000000008ad00000, 0x000000008ae00000|  0%| F|  |TAMS 0x000000008ad00000| PB 0x000000008ad00000| Untracked 
| 102|0x000000008ae00000, 0x000000008ae00000, 0x000000008af00000|  0%| F|  |TAMS 0x000000008ae00000| PB 0x000000008ae00000| Untracked 
| 103|0x000000008af00000, 0x000000008af00000, 0x000000008b000000|  0%| F|  |TAMS 0x000000008af00000| PB 0x000000008af00000| Untracked 
| 104|0x000000008b000000, 0x000000008b000000, 0x000000008b100000|  0%| F|  |TAMS 0x000000008b000000| PB 0x000000008b000000| Untracked 
| 105|0x000000008b100000, 0x000000008b100000, 0x000000008b200000|  0%| F|  |TAMS 0x000000008b100000| PB 0x000000008b100000| Untracked 
| 106|0x000000008b200000, 0x000000008b200000, 0x000000008b300000|  0%| F|  |TAMS 0x000000008b200000| PB 0x000000008b200000| Untracked 
| 107|0x000000008b300000, 0x000000008b300000, 0x000000008b400000|  0%| F|  |TAMS 0x000000008b300000| PB 0x000000008b300000| Untracked 
| 108|0x000000008b400000, 0x000000008b4fdf08, 0x000000008b500000| 99%| E|  |TAMS 0x000000008b400000| PB 0x000000008b400000| Complete 
| 109|0x000000008b500000, 0x000000008b600000, 0x000000008b600000|100%| E|CS|TAMS 0x000000008b500000| PB 0x000000008b500000| Complete 
| 110|0x000000008b600000, 0x000000008b700000, 0x000000008b700000|100%| E|CS|TAMS 0x000000008b600000| PB 0x000000008b600000| Complete 
| 111|0x000000008b700000, 0x000000008b800000, 0x000000008b800000|100%| E|CS|TAMS 0x000000008b700000| PB 0x000000008b700000| Complete 
| 112|0x000000008b800000, 0x000000008b900000, 0x000000008b900000|100%| E|CS|TAMS 0x000000008b800000| PB 0x000000008b800000| Complete 
| 113|0x000000008b900000, 0x000000008ba00000, 0x000000008ba00000|100%| E|CS|TAMS 0x000000008b900000| PB 0x000000008b900000| Complete 
| 114|0x000000008ba00000, 0x000000008bb00000, 0x000000008bb00000|100%| E|CS|TAMS 0x000000008ba00000| PB 0x000000008ba00000| Complete 
| 115|0x000000008bb00000, 0x000000008bc00000, 0x000000008bc00000|100%| E|CS|TAMS 0x000000008bb00000| PB 0x000000008bb00000| Complete 
| 116|0x000000008bc00000, 0x000000008bd00000, 0x000000008bd00000|100%| E|CS|TAMS 0x000000008bc00000| PB 0x000000008bc00000| Complete 
| 117|0x000000008bd00000, 0x000000008be00000, 0x000000008be00000|100%| E|CS|TAMS 0x000000008bd00000| PB 0x000000008bd00000| Complete 
| 118|0x000000008be00000, 0x000000008bf00000, 0x000000008bf00000|100%| E|CS|TAMS 0x000000008be00000| PB 0x000000008be00000| Complete 
| 119|0x000000008bf00000, 0x000000008c000000, 0x000000008c000000|100%| E|CS|TAMS 0x000000008bf00000| PB 0x000000008bf00000| Complete 
| 120|0x000000008c000000, 0x000000008c100000, 0x000000008c100000|100%| E|CS|TAMS 0x000000008c000000| PB 0x000000008c000000| Complete 
| 121|0x000000008c100000, 0x000000008c200000, 0x000000008c200000|100%| E|CS|TAMS 0x000000008c100000| PB 0x000000008c100000| Complete 
| 122|0x000000008c200000, 0x000000008c300000, 0x000000008c300000|100%| E|CS|TAMS 0x000000008c200000| PB 0x000000008c200000| Complete 
| 123|0x000000008c300000, 0x000000008c400000, 0x000000008c400000|100%| E|CS|TAMS 0x000000008c300000| PB 0x000000008c300000| Complete 

Card table byte_map: [0x00000243c2950000,0x00000243c2d30000] _byte_map_base: 0x00000243c252c000

Marking Bits: (CMBitMap*) 0x00000243ae7dcd40
 Bits: [0x00000243c2d30000, 0x00000243c4c10000)

Polling page: 0x00000243acf00000

Metaspace:

Usage:
  Non-class:      2.96 MB used.
      Class:    422.07 KB used.
       Both:      3.37 MB used.

Virtual space:
  Non-class space:       64.00 MB reserved,       3.12 MB (  5%) committed,  1 nodes.
      Class space:        1.00 GB reserved,     512.00 KB ( <1%) committed,  1 nodes.
             Both:        1.06 GB reserved,       3.62 MB ( <1%) committed. 

Chunk freelists:
   Non-Class:  10.17 MB
       Class:  15.39 MB
        Both:  25.56 MB

MaxMetaspaceSize: unlimited
CompressedClassSpaceSize: 1.00 GB
Initial GC threshold: 21.00 MB
Current GC threshold: 21.00 MB
CDS: on
 - commit_granule_bytes: 65536.
 - commit_granule_words: 8192.
 - virtual_space_node_default_size: 8388608.
 - enlarge_chunks_in_place: 1.
 - use_allocation_guard: 0.


Internal statistics:

num_allocs_failed_limit: 0.
num_arena_births: 194.
num_arena_deaths: 0.
num_vsnodes_births: 2.
num_vsnodes_deaths: 0.
num_space_committed: 58.
num_space_uncommitted: 0.
num_chunks_returned_to_freelist: 0.
num_chunks_taken_from_freelist: 357.
num_chunk_merges: 0.
num_chunk_splits: 199.
num_chunks_enlarged: 87.
num_inconsistent_stats: 0.

CodeHeap 'non-profiled nmethods': size=120000Kb used=402Kb max_used=402Kb free=119598Kb
 bounds [0x00000243ba3c0000, 0x00000243ba630000, 0x00000243c18f0000]
CodeHeap 'profiled nmethods': size=120000Kb used=1759Kb max_used=1759Kb free=118240Kb
 bounds [0x00000243b28f0000, 0x00000243b2b60000, 0x00000243b9e20000]
CodeHeap 'non-nmethods': size=5760Kb used=1429Kb max_used=1446Kb free=4330Kb
 bounds [0x00000243b9e20000, 0x00000243ba090000, 0x00000243ba3c0000]
CodeCache: size=245760Kb, used=3590Kb, max_used=3607Kb, free=242168Kb
 total_blobs=1661, nmethods=1146, adapters=420, full_count=0
Compilation: enabled, stopped_count=0, restarted_count=0

Compilation events (20 events):
Event: 1.015 Thread 0x00000243c7956cc0 1138   !   3       jdk.internal.misc.ScopedMemoryAccess::copyMemoryInternal (56 bytes)
Event: 1.015 Thread 0x00000243c7956cc0 nmethod 1138 0x00000243b2aa3d10 code [0x00000243b2aa3f00, 0x00000243b2aa4438]
Event: 1.016 Thread 0x00000243c7956cc0 1139   !   3       java.lang.invoke.MethodHandleNatives::linkMethodHandleConstant (50 bytes)
Event: 1.016 Thread 0x00000243c7956cc0 nmethod 1139 0x00000243b2aa4790 code [0x00000243b2aa4960, 0x00000243b2aa4b68]
Event: 1.016 Thread 0x00000243c7956cc0 1140       3       java.lang.invoke.MethodHandles$Lookup::linkMethodHandleConstant (223 bytes)
Event: 1.018 Thread 0x00000243c7957390 1141       4       java.lang.invoke.VarHandle::checkAccessModeThenIsDirect (29 bytes)
Event: 1.019 Thread 0x00000243c7956cc0 nmethod 1140 0x00000243b2aa4d10 code [0x00000243b2aa5100, 0x00000243b2aa68c8]
Event: 1.019 Thread 0x00000243c7956cc0 1142       3       java.util.ImmutableCollections$ListItr::hasNext (17 bytes)
Event: 1.019 Thread 0x00000243c7956cc0 nmethod 1142 0x00000243b2aa7090 code [0x00000243b2aa7220, 0x00000243b2aa7388]
Event: 1.021 Thread 0x00000243c7935420 1143       4       jdk.internal.util.StrongReferenceKey::hashCode (8 bytes)
Event: 1.022 Thread 0x00000243c7956cc0 1144       3       java.nio.MappedByteBuffer::limit (6 bytes)
Event: 1.022 Thread 0x00000243c7956cc0 nmethod 1144 0x00000243b2aa7410 code [0x00000243b2aa75c0, 0x00000243b2aa77d0]
Event: 1.022 Thread 0x00000243c7957390 nmethod 1141 0x00000243ba423310 code [0x00000243ba4234c0, 0x00000243ba423740]
Event: 1.024 Thread 0x00000243c7956cc0 1145       1       java.util.concurrent.atomic.AtomicInteger::get (5 bytes)
Event: 1.024 Thread 0x00000243c7956cc0 nmethod 1145 0x00000243ba423890 code [0x00000243ba423a20, 0x00000243ba423ae8]
Event: 1.026 Thread 0x00000243c7956cc0 1146       3       java.nio.ByteBuffer::get (9 bytes)
Event: 1.026 Thread 0x00000243c7956cc0 nmethod 1146 0x00000243b2aa7910 code [0x00000243b2aa7ac0, 0x00000243b2aa7ca0]
Event: 1.027 Thread 0x00000243c7956cc0 1147       1       sun.security.provider.DigestBase::engineGetDigestLength (5 bytes)
Event: 1.027 Thread 0x00000243c7956cc0 nmethod 1147 0x00000243ba423b90 code [0x00000243ba423d20, 0x00000243ba423de8]
Event: 1.030 Thread 0x00000243c7935420 nmethod 1143 0x00000243ba423e90 code [0x00000243ba4240a0, 0x00000243ba4244b0]

GC Heap History (0 events):
No events

Dll operation events (2 events):
Event: 0.016 Loaded shared library C:\Program Files\JetBrains\PyCharm 2025.2.4\jbr\bin\java.dll
Event: 0.329 Loaded shared library C:\Program Files\JetBrains\PyCharm 2025.2.4\jbr\bin\zip.dll

Deoptimization events (20 events):
Event: 0.926 Thread 0x00000243c7bc17d0 Uncommon trap: trap_request=0xffffff66 fr.pc=0x00000243ba419678 relative=0x0000000000000318
Event: 0.926 Thread 0x00000243c7bc17d0 Uncommon trap: reason=speculate_class_check action=maybe_recompile pc=0x00000243ba419678 method=sun.security.util.math.intpoly.IntegerPolynomial.multByInt([JJ)V @ 26 c2
Event: 0.926 Thread 0x00000243c7bc17d0 DEOPT PACKING pc=0x00000243ba419678 sp=0x00000099100fe610
Event: 0.927 Thread 0x00000243c7bc17d0 DEOPT UNPACKING pc=0x00000243b9e746a2 sp=0x00000099100fe550 mode 2
Event: 0.927 Thread 0x00000243c7bc17d0 Uncommon trap: trap_request=0xffffffde fr.pc=0x00000243ba413f9c relative=0x000000000000025c
Event: 0.927 Thread 0x00000243c7bc17d0 Uncommon trap: reason=class_check action=maybe_recompile pc=0x00000243ba413f9c method=sun.security.util.math.intpoly.IntegerPolynomial.multByInt([JJ)V @ 26 c2
Event: 0.927 Thread 0x00000243c7bc17d0 DEOPT PACKING pc=0x00000243ba413f9c sp=0x00000099100fe580
Event: 0.927 Thread 0x00000243c7bc17d0 DEOPT UNPACKING pc=0x00000243b9e746a2 sp=0x00000099100fe550 mode 2
Event: 0.927 Thread 0x00000243c7bc17d0 Uncommon trap: trap_request=0xffffffde fr.pc=0x00000243ba413f9c relative=0x000000000000025c
Event: 0.927 Thread 0x00000243c7bc17d0 Uncommon trap: reason=class_check action=maybe_recompile pc=0x00000243ba413f9c method=sun.security.util.math.intpoly.IntegerPolynomial.multByInt([JJ)V @ 26 c2
Event: 0.927 Thread 0x00000243c7bc17d0 DEOPT PACKING pc=0x00000243ba413f9c sp=0x00000099100fe580
Event: 0.927 Thread 0x00000243c7bc17d0 DEOPT UNPACKING pc=0x00000243b9e746a2 sp=0x00000099100fe550 mode 2
Event: 0.927 Thread 0x00000243c7bc17d0 Uncommon trap: trap_request=0xffffffde fr.pc=0x00000243ba413f9c relative=0x000000000000025c
Event: 0.927 Thread 0x00000243c7bc17d0 Uncommon trap: reason=class_check action=maybe_recompile pc=0x00000243ba413f9c method=sun.security.util.math.intpoly.IntegerPolynomial.multByInt([JJ)V @ 26 c2
Event: 0.927 Thread 0x00000243c7bc17d0 DEOPT PACKING pc=0x00000243ba413f9c sp=0x00000099100fe580
Event: 0.927 Thread 0x00000243c7bc17d0 DEOPT UNPACKING pc=0x00000243b9e746a2 sp=0x00000099100fe550 mode 2
Event: 0.927 Thread 0x00000243c7bc17d0 Uncommon trap: trap_request=0xffffffde fr.pc=0x00000243ba413f9c relative=0x000000000000025c
Event: 0.927 Thread 0x00000243c7bc17d0 Uncommon trap: reason=class_check action=maybe_recompile pc=0x00000243ba413f9c method=sun.security.util.math.intpoly.IntegerPolynomial.multByInt([JJ)V @ 26 c2
Event: 0.927 Thread 0x00000243c7bc17d0 DEOPT PACKING pc=0x00000243ba413f9c sp=0x00000099100fe580
Event: 0.927 Thread 0x00000243c7bc17d0 DEOPT UNPACKING pc=0x00000243b9e746a2 sp=0x00000099100fe550 mode 2

Classes loaded (20 events):
Event: 0.600 Loading class jdk/net/ExtendedSocketOptions$1
Event: 0.601 Loading class jdk/net/ExtendedSocketOptions$1 done
Event: 0.603 Loading class java/nio/BufferMismatch
Event: 0.604 Loading class java/nio/BufferMismatch done
Event: 0.604 Loading class sun/nio/ch/SourceChannelImpl
Event: 0.604 Loading class java/nio/channels/Pipe$SourceChannel
Event: 0.604 Loading class java/nio/channels/Pipe$SourceChannel done
Event: 0.604 Loading class sun/nio/ch/SourceChannelImpl done
Event: 0.604 Loading class sun/nio/ch/SinkChannelImpl
Event: 0.604 Loading class java/nio/channels/Pipe$SinkChannel
Event: 0.604 Loading class java/nio/channels/Pipe$SinkChannel done
Event: 0.604 Loading class sun/nio/ch/SinkChannelImpl done
Event: 0.622 Loading class sun/net/spi/DefaultProxySelector$NonProxyInfo
Event: 0.622 Loading class sun/net/spi/DefaultProxySelector$NonProxyInfo done
Event: 0.622 Loading class sun/net/spi/DefaultProxySelector$3
Event: 0.622 Loading class sun/net/spi/DefaultProxySelector$3 done
Event: 0.947 Loading class jdk/internal/event/X509CertificateEvent
Event: 0.948 Loading class jdk/internal/event/X509CertificateEvent done
Event: 0.965 Loading class jdk/internal/event/TLSHandshakeEvent
Event: 0.965 Loading class jdk/internal/event/TLSHandshakeEvent done

Classes unloaded (0 events):
No events

Classes redefined (0 events):
No events

Internal exceptions (20 events):
Event: 0.437 Thread 0x00000243acc11e10 Exception <a 'java/lang/NoSuchMethodError'{0x000000008be254a8}: 'java.lang.Object java.lang.invoke.DirectMethodHandle$Holder.invokeStaticInit(java.lang.Object, java.lang.Object, int, int, int, int)'> (0x000000008be254a8) 
thrown [s\src\hotspot\share\interpreter\linkResolver.cpp, line 784]
Event: 0.463 Thread 0x00000243acc11e10 Exception <a 'java/lang/NoSuchMethodError'{0x000000008bee7518}: 'java.lang.Object java.lang.invoke.DirectMethodHandle$Holder.invokeStaticInit(java.lang.Object, java.lang.Object, int)'> (0x000000008bee7518) 
thrown [s\src\hotspot\share\interpreter\linkResolver.cpp, line 784]
Event: 0.466 Thread 0x00000243acc11e10 Exception <a 'java/lang/NoSuchMethodError'{0x000000008beed678}: 'java.lang.Object java.lang.invoke.DirectMethodHandle$Holder.newInvokeSpecial(java.lang.Object, java.lang.Object, int)'> (0x000000008beed678) 
thrown [s\src\hotspot\share\interpreter\linkResolver.cpp, line 784]
Event: 0.473 Thread 0x00000243acc11e10 Exception <a 'java/lang/NoSuchMethodError'{0x000000008bd03458}: 'int java.lang.invoke.DirectMethodHandle$Holder.invokeSpecialIFC(java.lang.Object, java.lang.Object, java.lang.Object)'> (0x000000008bd03458) 
thrown [s\src\hotspot\share\interpreter\linkResolver.cpp, line 784]
Event: 0.489 Thread 0x00000243acc11e10 Exception <a 'java/lang/NoSuchMethodError'{0x000000008bd3b290}: 'java.lang.Object java.lang.invoke.Invokers$Holder.invoke_MT(java.lang.Object, java.lang.Object, java.lang.Object, java.lang.Object, java.lang.Object, java.lang.Object, java.lang.Object, java.lang.Object, java.lang.Object, java.lang.Object)'> (0x000000008bd3b290) 
thrown [s\src\hotspot\share\interpreter\linkResolver.cpp, line 784]
Event: 0.507 Thread 0x00000243acc11e10 Exception <a 'java/lang/NoSuchMethodError'{0x000000008bd7acb0}: 'int java.lang.invoke.DirectMethodHandle$Holder.invokeSpecial(java.lang.Object, java.lang.Object, java.lang.Object, java.lang.Object)'> (0x000000008bd7acb0) 
thrown [s\src\hotspot\share\interpreter\linkResolver.cpp, line 784]
Event: 0.513 Thread 0x00000243acc11e10 Exception <a 'java/lang/NoSuchMethodError'{0x000000008bd8ffe0}: 'java.lang.Object java.lang.invoke.DirectMethodHandle$Holder.invokeSpecial(java.lang.Object, java.lang.Object, int, java.lang.Object, java.lang.Object)'> (0x000000008bd8ffe0) 
thrown [s\src\hotspot\share\interpreter\linkResolver.cpp, line 784]
Event: 0.513 Thread 0x00000243acc11e10 Exception <a 'java/lang/NoSuchMethodError'{0x000000008bd93970}: 'java.lang.Object java.lang.invoke.DelegatingMethodHandle$Holder.delegate(java.lang.Object, int, java.lang.Object, java.lang.Object)'> (0x000000008bd93970) 
thrown [s\src\hotspot\share\interpreter\linkResolver.cpp, line 784]
Event: 0.518 Thread 0x00000243acc11e10 Exception <a 'java/lang/NoSuchMethodError'{0x000000008bda31d8}: 'int java.lang.invoke.Invokers$Holder.linkToTargetMethod(java.lang.Object, java.lang.Object, java.lang.Object)'> (0x000000008bda31d8) 
thrown [s\src\hotspot\share\interpreter\linkResolver.cpp, line 784]
Event: 0.525 Thread 0x00000243acc11e10 Exception <a 'java/lang/NoSuchMethodError'{0x000000008bdd4e90}: 'long java.lang.invoke.DirectMethodHandle$Holder.invokeSpecial(java.lang.Object, java.lang.Object)'> (0x000000008bdd4e90) 
thrown [s\src\hotspot\share\interpreter\linkResolver.cpp, line 784]
Event: 0.527 Thread 0x00000243acc11e10 Exception <a 'java/lang/NoSuchMethodError'{0x000000008bddbbe0}: 'java.lang.Object java.lang.invoke.Invokers$Holder.invokeExact_MT(java.lang.Object, java.lang.Object, java.lang.Object, java.lang.Object, java.lang.Object, java.lang.Object)'> (0x000000008bddbbe0) 
thrown [s\src\hotspot\share\interpreter\linkResolver.cpp, line 784]
Event: 0.616 Thread 0x00000243acc11e10 Exception <a 'java/lang/NoSuchMethodError'{0x000000008bb6b118}: 'java.lang.Object java.lang.invoke.DirectMethodHandle$Holder.newInvokeSpecial(java.lang.Object, java.lang.Object, java.lang.Object, java.lang.Object, java.lang.Object)'> (0x000000008bb6b118) 
thrown [s\src\hotspot\share\interpreter\linkResolver.cpp, line 784]
Event: 0.665 Thread 0x00000243acc11e10 Exception <a 'java/lang/NoSuchMethodError'{0x000000008b970320}: 'java.lang.Object java.lang.invoke.DirectMethodHandle$Holder.invokeSpecial(java.lang.Object, java.lang.Object, java.lang.Object, java.lang.Object, int)'> (0x000000008b970320) 
thrown [s\src\hotspot\share\interpreter\linkResolver.cpp, line 784]
Event: 0.665 Thread 0x00000243acc11e10 Exception <a 'java/lang/NoSuchMethodError'{0x000000008b973c88}: 'java.lang.Object java.lang.invoke.Invokers$Holder.linkToTargetMethod(java.lang.Object, java.lang.Object, int, java.lang.Object)'> (0x000000008b973c88) 
thrown [s\src\hotspot\share\interpreter\linkResolver.cpp, line 784]
Event: 0.675 Thread 0x00000243acc11e10 Exception <a 'java/lang/NoSuchMethodError'{0x000000008b9a2c00}: 'void java.lang.invoke.DirectMethodHandle$Holder.invokeSpecial(java.lang.Object, java.lang.Object, java.lang.Object)'> (0x000000008b9a2c00) 
thrown [s\src\hotspot\share\interpreter\linkResolver.cpp, line 784]
Event: 0.700 Thread 0x00000243c7bbfd90 Exception <a 'java/lang/NoSuchMethodError'{0x000000008bb9e1b8}: 'void java.lang.invoke.DirectMethodHandle$Holder.invokeStatic(java.lang.Object, java.lang.Object, int)'> (0x000000008bb9e1b8) 
thrown [s\src\hotspot\share\interpreter\linkResolver.cpp, line 784]
Event: 0.704 Thread 0x00000243acc11e10 Exception <a 'java/lang/NoSuchMethodError'{0x000000008b832a10}: 'void java.lang.invoke.DirectMethodHandle$Holder.invokeSpecial(java.lang.Object, java.lang.Object, java.lang.Object, java.lang.Object, java.lang.Object)'> (0x000000008b832a10) 
thrown [s\src\hotspot\share\interpreter\linkResolver.cpp, line 784]
Event: 0.721 Thread 0x00000243c7bc17d0 Exception <a 'java/lang/NoSuchMethodError'{0x000000008b899df8}: 'void java.lang.invoke.DirectMethodHandle$Holder.invokeInterface(java.lang.Object, java.lang.Object, java.lang.Object)'> (0x000000008b899df8) 
thrown [s\src\hotspot\share\interpreter\linkResolver.cpp, line 784]
Event: 0.913 Thread 0x00000243c7bc17d0 Exception <a 'java/lang/NoSuchMethodError'{0x000000008b6fd408}: 'void java.lang.invoke.DirectMethodHandle$Holder.invokeInterface(java.lang.Object, java.lang.Object)'> (0x000000008b6fd408) 
thrown [s\src\hotspot\share\interpreter\linkResolver.cpp, line 784]
Event: 0.967 Thread 0x00000243c7bc17d0 Exception <a 'java/lang/NoSuchMethodError'{0x000000008b571ed0}: 'void java.lang.invoke.DirectMethodHandle$Holder.invokeStatic(java.lang.Object, java.lang.Object, java.lang.Object, java.lang.Object)'> (0x000000008b571ed0) 
thrown [s\src\hotspot\share\interpreter\linkResolver.cpp, line 784]

ZGC Phase Switch (0 events):
No events

VM Operations (8 events):
Event: 0.200 Executing VM operation: HandshakeAllThreads (Deoptimize)
Event: 0.200 Executing VM operation: HandshakeAllThreads (Deoptimize) done
Event: 0.210 Executing VM operation: HandshakeAllThreads (Deoptimize)
Event: 0.210 Executing VM operation: HandshakeAllThreads (Deoptimize) done
Event: 0.412 Executing VM operation: HandshakeAllThreads (Deoptimize)
Event: 0.412 Executing VM operation: HandshakeAllThreads (Deoptimize) done
Event: 0.705 Executing VM operation: HandshakeAllThreads (Deoptimize)
Event: 0.705 Executing VM operation: HandshakeAllThreads (Deoptimize) done

Memory protections (0 events):
No events

Nmethod flushes (0 events):
No events

Events (20 events):
Event: 0.121 Thread 0x00000243acc11e10 Thread added: 0x00000243c7910be0
Event: 0.121 Thread 0x00000243acc11e10 Thread added: 0x00000243c7914370
Event: 0.121 Thread 0x00000243acc11e10 Thread added: 0x00000243c7915d50
Event: 0.122 Thread 0x00000243acc11e10 Thread added: 0x00000243c79168e0
Event: 0.122 Thread 0x00000243acc11e10 Thread added: 0x00000243c7917fe0
Event: 0.122 Thread 0x00000243acc11e10 Thread added: 0x00000243c7918ca0
Event: 0.122 Thread 0x00000243acc11e10 Thread added: 0x00000243c7935420
Event: 0.123 Thread 0x00000243acc11e10 Thread added: 0x00000243c7956cc0
Event: 0.169 Thread 0x00000243acc11e10 Thread added: 0x00000243c7bc0ab0
Event: 0.177 Loaded shared library C:\Program Files\JetBrains\PyCharm 2025.2.4\jbr\bin\net.dll
Event: 0.183 Loaded shared library C:\Program Files\JetBrains\PyCharm 2025.2.4\jbr\bin\nio.dll
Event: 0.192 Loaded shared library C:\Program Files\JetBrains\PyCharm 2025.2.4\jbr\bin\zip.dll
Event: 0.273 Loaded shared library C:\Program Files\JetBrains\PyCharm 2025.2.4\jbr\bin\jimage.dll
Event: 0.305 Loaded shared library C:\Program Files\JetBrains\PyCharm 2025.2.4\jbr\bin\sunmscapi.dll
Event: 0.443 Thread 0x00000243c7935420 Thread added: 0x00000243c79595a0
Event: 0.600 Loaded shared library C:\Program Files\JetBrains\PyCharm 2025.2.4\jbr\bin\extnet.dll
Event: 0.608 Thread 0x00000243acc11e10 Thread added: 0x00000243c7bbfd90
Event: 0.716 Thread 0x00000243c7bbfd90 Thread added: 0x00000243c7bc17d0
Event: 0.742 Thread 0x00000243c7bbfd90 Thread added: 0x00000243c7bbf700
Event: 0.835 Thread 0x00000243c7935420 Thread added: 0x00000243c7957390


Dynamic libraries:
0x00007ff71ce50000 - 0x00007ff71ce5a000 	C:\Program Files\JetBrains\PyCharm 2025.2.4\jbr\bin\java.exe
0x00007ff84dfa0000 - 0x00007ff84e208000 	C:\WINDOWS\SYSTEM32\ntdll.dll
0x00007ff84d330000 - 0x00007ff84d3f9000 	C:\WINDOWS\System32\KERNEL32.DLL
0x00007ff84b730000 - 0x00007ff84bb28000 	C:\WINDOWS\System32\KERNELBASE.dll
0x00007ff84b470000 - 0x00007ff84b5bb000 	C:\WINDOWS\System32\ucrtbase.dll
0x00007ff838450000 - 0x00007ff83846b000 	C:\Program Files\JetBrains\PyCharm 2025.2.4\jbr\bin\VCRUNTIME140.dll
0x00007ff82e770000 - 0x00007ff82e788000 	C:\Program Files\JetBrains\PyCharm 2025.2.4\jbr\bin\jli.dll
0x00007ff84bee0000 - 0x00007ff84c0a7000 	C:\WINDOWS\System32\USER32.dll
0x00007ff84b260000 - 0x00007ff84b287000 	C:\WINDOWS\System32\win32u.dll
0x00007ff8277a0000 - 0x00007ff827a34000 	C:\WINDOWS\WinSxS\amd64_microsoft.windows.common-controls_6595b64144ccf1df_6.0.26100.7019_none_3e06ffa0e335b8a8\COMCTL32.dll
0x00007ff84d400000 - 0x00007ff84d42b000 	C:\WINDOWS\System32\GDI32.dll
0x00007ff84d5b0000 - 0x00007ff84d659000 	C:\WINDOWS\System32\msvcrt.dll
0x00007ff84b290000 - 0x00007ff84b3bc000 	C:\WINDOWS\System32\gdi32full.dll
0x00007ff84b5c0000 - 0x00007ff84b663000 	C:\WINDOWS\System32\msvcp_win.dll
0x00007ff84d690000 - 0x00007ff84d6c1000 	C:\WINDOWS\System32\IMM32.DLL
0x00007ff842b80000 - 0x00007ff842b8c000 	C:\Program Files\JetBrains\PyCharm 2025.2.4\jbr\bin\vcruntime140_1.dll
0x00007ff804240000 - 0x00007ff8042cd000 	C:\Program Files\JetBrains\PyCharm 2025.2.4\jbr\bin\msvcp140.dll
0x00007fff70440000 - 0x00007fff7120b000 	C:\Program Files\JetBrains\PyCharm 2025.2.4\jbr\bin\server\jvm.dll
0x00007ff84c970000 - 0x00007ff84ca24000 	C:\WINDOWS\System32\ADVAPI32.dll
0x00007ff84c260000 - 0x00007ff84c306000 	C:\WINDOWS\System32\sechost.dll
0x00007ff84d430000 - 0x00007ff84d548000 	C:\WINDOWS\System32\RPCRT4.dll
0x00007ff84dde0000 - 0x00007ff84de54000 	C:\WINDOWS\System32\WS2_32.dll
0x00007ff84af50000 - 0x00007ff84afae000 	C:\WINDOWS\SYSTEM32\POWRPROF.dll
0x00007ff8459d0000 - 0x00007ff845a05000 	C:\WINDOWS\SYSTEM32\WINMM.dll
0x00007ff836940000 - 0x00007ff83694b000 	C:\WINDOWS\SYSTEM32\VERSION.dll
0x00007ff84af30000 - 0x00007ff84af44000 	C:\WINDOWS\SYSTEM32\UMPDC.dll
0x00007ff849eb0000 - 0x00007ff849ecb000 	C:\WINDOWS\SYSTEM32\kernel.appcore.dll
0x00007ff838440000 - 0x00007ff83844a000 	C:\Program Files\JetBrains\PyCharm 2025.2.4\jbr\bin\jimage.dll
0x00007ff8486a0000 - 0x00007ff8488e2000 	C:\WINDOWS\SYSTEM32\DBGHELP.DLL
0x00007ff84d6e0000 - 0x00007ff84da6b000 	C:\WINDOWS\System32\combase.dll
0x00007ff84bdb0000 - 0x00007ff84be87000 	C:\WINDOWS\System32\OLEAUT32.dll
0x00007ff81e680000 - 0x00007ff81e6bc000 	C:\WINDOWS\SYSTEM32\dbgcore.DLL
0x00007ff84b3c0000 - 0x00007ff84b465000 	C:\WINDOWS\System32\bcryptPrimitives.dll
0x00007ff826470000 - 0x00007ff826490000 	C:\Program Files\JetBrains\PyCharm 2025.2.4\jbr\bin\java.dll
0x00007ff84ca60000 - 0x00007ff84d1af000 	C:\WINDOWS\System32\SHELL32.dll
0x00007ff84b0f0000 - 0x00007ff84b25b000 	C:\WINDOWS\System32\wintypes.dll
0x00007ff848ce0000 - 0x00007ff84953d000 	C:\WINDOWS\SYSTEM32\windows.storage.dll
0x00007ff84c3e0000 - 0x00007ff84c4d2000 	C:\WINDOWS\System32\SHCORE.dll
0x00007ff84bd40000 - 0x00007ff84bda7000 	C:\WINDOWS\System32\shlwapi.dll
0x00007ff84b010000 - 0x00007ff84b039000 	C:\WINDOWS\SYSTEM32\profapi.dll
0x00007ff838340000 - 0x00007ff838350000 	C:\Program Files\JetBrains\PyCharm 2025.2.4\jbr\bin\net.dll
0x00007ff840ac0000 - 0x00007ff840be8000 	C:\WINDOWS\SYSTEM32\WINHTTP.dll
0x00007ff84a420000 - 0x00007ff84a48b000 	C:\WINDOWS\system32\mswsock.dll
0x00007ff826260000 - 0x00007ff826276000 	C:\Program Files\JetBrains\PyCharm 2025.2.4\jbr\bin\nio.dll
0x00007ff826280000 - 0x00007ff826298000 	C:\Program Files\JetBrains\PyCharm 2025.2.4\jbr\bin\zip.dll
0x00007ff8223a0000 - 0x00007ff8223ae000 	C:\Program Files\JetBrains\PyCharm 2025.2.4\jbr\bin\sunmscapi.dll
0x00007ff84bbc0000 - 0x00007ff84bd37000 	C:\WINDOWS\System32\CRYPT32.dll
0x00007ff84a900000 - 0x00007ff84a930000 	C:\WINDOWS\SYSTEM32\ncrypt.dll
0x00007ff84a8b0000 - 0x00007ff84a8ef000 	C:\WINDOWS\SYSTEM32\NTASN1.dll
0x00007ff84a6f0000 - 0x00007ff84a70b000 	C:\WINDOWS\SYSTEM32\CRYPTSP.dll
0x00007ff849e10000 - 0x00007ff849e4a000 	C:\WINDOWS\system32\rsaenh.dll
0x00007ff84a4d0000 - 0x00007ff84a4fb000 	C:\WINDOWS\SYSTEM32\USERENV.dll
0x00007ff84afe0000 - 0x00007ff84b00a000 	C:\WINDOWS\SYSTEM32\bcrypt.dll
0x00007ff84a6e0000 - 0x00007ff84a6ec000 	C:\WINDOWS\SYSTEM32\CRYPTBASE.dll
0x00007ff8499d0000 - 0x00007ff849a04000 	C:\WINDOWS\SYSTEM32\IPHLPAPI.DLL
0x00007ff84c250000 - 0x00007ff84c25a000 	C:\WINDOWS\System32\NSI.dll
0x00007ff81e050000 - 0x00007ff81e058000 	C:\WINDOWS\system32\wshunix.dll
0x00007ff821980000 - 0x00007ff821989000 	C:\Program Files\JetBrains\PyCharm 2025.2.4\jbr\bin\extnet.dll

JVMTI agents: none

dbghelp: loaded successfully - version: 4.0.5 - missing functions: none
symbol engine: initialized successfully - sym options: 0x614 - pdb path: .;C:\Program Files\JetBrains\PyCharm 2025.2.4\jbr\bin;C:\WINDOWS\SYSTEM32;C:\WINDOWS\WinSxS\amd64_microsoft.windows.common-controls_6595b64144ccf1df_6.0.26100.7019_none_3e06ffa0e335b8a8;C:\Program Files\JetBrains\PyCharm 2025.2.4\jbr\bin\server

VM Arguments:
java_command: git4idea.http.GitAskPassApp Username for 'https://gitlab.csc.uvic.ca': 
java_class_path (initial): C:/Program Files/JetBrains/PyCharm 2025.2.4/plugins/vcs-git/lib/git4idea-rt.jar;C:/Program Files/JetBrains/PyCharm 2025.2.4/lib/externalProcess-rt.jar
Launcher Type: SUN_STANDARD

[Global flags]
     intx CICompilerCount                          = 4                                         {product} {ergonomic}
     uint ConcGCThreads                            = 3                                         {product} {ergonomic}
     uint G1ConcRefinementThreads                  = 10                                        {product} {ergonomic}
   size_t G1HeapRegionSize                         = 1048576                                   {product} {ergonomic}
    uintx GCDrainStackTargetSize                   = 64                                        {product} {ergonomic}
   size_t InitialHeapSize                          = 130023424                                 {product} {ergonomic}
   size_t MarkStackSize                            = 4194304                                   {product} {ergonomic}
   size_t MaxHeapSize                              = 2071986176                                {product} {ergonomic}
   size_t MaxNewSize                               = 1242562560                                {product} {ergonomic}
   size_t MinHeapDeltaBytes                        = 1048576                                   {product} {ergonomic}
   size_t MinHeapSize                              = 8388608                                   {product} {ergonomic}
    uintx NonNMethodCodeHeapSize                   = 5839372                                {pd product} {ergonomic}
    uintx NonProfiledCodeHeapSize                  = 122909434                              {pd product} {ergonomic}
    uintx ProfiledCodeHeapSize                     = 122909434                              {pd product} {ergonomic}
    uintx ReservedCodeCacheSize                    = 251658240                              {pd product} {ergonomic}
     bool SegmentedCodeCache                       = true                                      {product} {ergonomic}
   size_t SoftMaxHeapSize                          = 2071986176                             {manageable} {ergonomic}
     bool UseCompressedOops                        = true                           {product lp64_product} {ergonomic}
     bool UseG1GC                                  = true                                      {product} {ergonomic}
     bool UseLargePagesIndividualAllocation        = false                                  {pd product} {ergonomic}

Logging:
Log output configuration:
 #0: stdout all=warning uptime,level,tags foldmultilines=false
 #1: stderr all=off uptime,level,tags foldmultilines=false

Environment Variables:
PATH=C:/Program Files/Git/mingw64/libexec/git-core;C:/Program Files/Git/mingw64/libexec/git-core;C:\Program Files\Git\mingw64\bin;C:\Program Files\Git\usr\bin;C:\Users\gabro\bin;C:\WINDOWS\system32;C:\WINDOWS;C:\WINDOWS\System32\Wbem;C:\WINDOWS\System32\WindowsPowerShell\v1.0\;C:\WINDOWS\System32\OpenSSH\;C:\Program Files (x86)\QuickTime\QTSystem\;C:\Program Files\Git\cmd;C:\Program Files\Microsoft SQL Server\150\Tools\Binn\;C:\Users\gabro\AppData\Local\Microsoft\WindowsApps;C:\Users\gabro\AppData\Roaming\TinyTeX\bin\windows;C:\Users\gabro\AppData\Local\Python\bin
USERNAME=gabro
DISPLAY=:0.0
LC_ALL=en_US.UTF-8
TERM=xterm-256color
TMPDIR=C:\Users\gabro\AppData\Local\Temp
OS=Windows_NT
PROCESSOR_IDENTIFIER=Intel64 Family 6 Model 186 Stepping 3, GenuineIntel
TMP=C:\Users\gabro\AppData\Local\Temp
TEMP=C:\Users\gabro\AppData\Local\Temp




Periodic native trim disabled

JNI global refs:
JNI global refs: 20, weak refs: 0

JNI global refs memory usage: 835, weak refs: 201

Process memory usage:
Resident Set Size: 90732K (1% of 8092728K total physical memory with 628228K free physical memory)

OOME stack traces (most recent first):
Classloader memory used:
Loader jdk.internal.loader.ClassLoaders$PlatformClassLoader                            : 1974K
Loader bootstrap                                                                       : 1515K
Loader jdk.internal.loader.ClassLoaders$AppClassLoader                                 : 25744B

---------------  S Y S T E M  ---------------

OS:
 Windows 11 , 64 bit Build 26100 (10.0.26100.7019)
OS uptime: 8 days 20:03 hours
Hyper-V role detected

CPU: total 12 (initial active 12) (6 cores per cpu, 2 threads per core) family 6 model 186 stepping 3 microcode 0x4128, cx8, cmov, fxsr, ht, mmx, 3dnowpref, sse, sse2, sse3, ssse3, sse4.1, sse4.2, popcnt, lzcnt, tsc, tscinvbit, avx, avx2, aes, erms, clmul, bmi1, bmi2, adx, sha, fma, vzeroupper, clflush, clflushopt, clwb, hv, serialize, rdtscp, rdpid, fsrm, f16c, cet_ibt, cet_ss
Processor Information for processor 0
  Max Mhz: 1300, Current Mhz: 1300, Mhz Limit: 1300
Processor Information for processor 1
  Max Mhz: 1300, Current Mhz: 1300, Mhz Limit: 1300
Processor Information for processor 2
  Max Mhz: 1300, Current Mhz: 1300, Mhz Limit: 1300
Processor Information for processor 3
  Max Mhz: 1300, Current Mhz: 1300, Mhz Limit: 1300
Processor Information for processor 4
  Max Mhz: 1300, Current Mhz: 900, Mhz Limit: 897
Processor Information for processor 5
  Max Mhz: 1300, Current Mhz: 900, Mhz Limit: 897
Processor Information for processor 6
  Max Mhz: 1300, Current Mhz: 900, Mhz Limit: 897
Processor Information for processor 7
  Max Mhz: 1300, Current Mhz: 900, Mhz Limit: 897
Processor Information for processor 8
  Max Mhz: 1300, Current Mhz: 900, Mhz Limit: 897
Processor Information for processor 9
  Max Mhz: 1300, Current Mhz: 900, Mhz Limit: 897
Processor Information for processor 10
  Max Mhz: 1300, Current Mhz: 900, Mhz Limit: 897
Processor Information for processor 11
  Max Mhz: 1300, Current Mhz: 900, Mhz Limit: 897

Memory: 4k page, system-wide physical 7903M (613M free)
TotalPageFile size 15458M (AvailPageFile size 5M)
current process WorkingSet (physical memory assigned to process): 88M, peak: 90M
current process commit charge ("private bytes"): 241M, peak: 245M

vm_info: OpenJDK 64-Bit Server VM (21.0.8+1-b1038.73) for windows-amd64 JRE (21.0.8+1-b1038.73), built on 2025-09-24 by "builduser" with MS VC++ 16.10 / 16.11 (VS2019)

END.
